<?xml version="1.0" encoding="UTF-8"?>
<!-- Generated by org.testng.reporters.JUnitReportReporter -->
<testsuite hostname="LAPTOP-3UEBVNHU" failures="0" tests="2" name="day14.paymentTest" time="0.018" errors="0" timestamp="2024-09-17T01:44:11 IST" skipped="0">
  <testcase classname="day14.paymentTest" name="paymentInRupees" time="0.015"/>
  <system-out/>
  <testcase classname="day14.paymentTest" name="paymentInDoller" time="0.003"/>
  <system-out/>
</testsuite> <!-- day14.paymentTest -->
