<?xml version="1.0" encoding="UTF-8"?>
<!-- Generated by org.testng.reporters.JUnitReportReporter -->
<testsuite hostname="LAPTOP-3UEBVNHU" failures="0" tests="1" name="day13.pack.C2" time="0.000" errors="0" timestamp="2024-09-14T23:37:46 IST" skipped="0">
  <testcase classname="day13.pack.C2" name="xyz" time="0.000"/>
  <system-out/>
</testsuite> <!-- day13.pack.C2 -->
