<?xml version="1.0" encoding="UTF-8"?>
<!-- Generated by org.testng.reporters.JUnitReportReporter -->
<testsuite hostname="LAPTOP-3UEBVNHU" failures="0" tests="3" name="day14.LoginTest" time="0.026" errors="0" timestamp="2024-09-17T01:46:12 IST" skipped="0">
  <testcase classname="day14.LoginTest" name="loginByEmail" time="0.019"/>
  <system-out/>
  <testcase classname="day14.LoginTest" name="loginByFacebook" time="0.003"/>
  <system-out/>
  <testcase classname="day14.LoginTest" name="loginByTwitter" time="0.004"/>
  <system-out/>
</testsuite> <!-- day14.LoginTest -->
