<?xml version="1.0" encoding="UTF-8"?>
<!-- Generated by org.testng.reporters.JUnitReportReporter -->
<testsuite hostname="LAPTOP-3UEBVNHU" failures="0" tests="3" name="day12.FirstTestCase" time="0.009" errors="0" timestamp="2024-09-14T00:26:24 IST" skipped="0">
  <testcase classname="day12.FirstTestCase" name="openapp" time="0.000"/>
  <system-out/>
  <testcase classname="day12.FirstTestCase" name="login" time="0.009"/>
  <system-out/>
  <testcase classname="day12.FirstTestCase" name="logout" time="0.000"/>
  <system-out/>
</testsuite> <!-- day12.FirstTestCase -->
