<?xml version="1.0" encoding="UTF-8"?>
<!-- Generated by org.testng.reporters.JUnitReportReporter -->
<testsuite hostname="LAPTOP-3UEBVNHU" failures="0" tests="1" name="day18.loginTest2" time="1.538" errors="0" timestamp="2024-09-23T01:47:31 IST" skipped="0">
  <testcase classname="day18.loginTest2" name="testLogin" time="1.538"/>
  <system-out/>
</testsuite> <!-- day18.loginTest2 -->
