<?xml version="1.0" encoding="UTF-8"?>
<!-- Generated by org.testng.reporters.JUnitReportReporter -->
<testsuite hostname="LAPTOP-3UEBVNHU" failures="0" tests="2" name="day13.AllAnnotations" time="0.020" errors="0" timestamp="2024-09-15T00:17:29 IST" skipped="0">
  <testcase classname="day13.AllAnnotations" name="tm1" time="0.012"/>
  <system-out/>
  <testcase classname="day13.AllAnnotations" name="tm2" time="0.008"/>
  <system-out/>
</testsuite> <!-- day13.AllAnnotations -->
