<?xml version="1.0" encoding="UTF-8"?>
<!-- Generated by org.testng.reporters.JUnitReportReporter -->
<testsuite hostname="LAPTOP-3UEBVNHU" failures="0" tests="9" name="day15.ParamTest" time="0.252" errors="0" timestamp="2024-09-19T02:04:30 IST" skipped="0">
  <testcase classname="day15.ParamTest" name="testLogo" time="0.028"/>
  <system-out/>
  <testcase classname="day15.ParamTest" name="testLogo" time="0.044"/>
  <system-out/>
  <testcase classname="day15.ParamTest" name="testLogo" time="0.049"/>
  <system-out/>
  <testcase classname="day15.ParamTest" name="testTitle" time="0.014"/>
  <system-out/>
  <testcase classname="day15.ParamTest" name="testTitle" time="0.006"/>
  <system-out/>
  <testcase classname="day15.ParamTest" name="testTitle" time="0.044"/>
  <system-out/>
  <testcase classname="day15.ParamTest" name="testURL" time="0.028"/>
  <system-out/>
  <testcase classname="day15.ParamTest" name="testURL" time="0.029"/>
  <system-out/>
  <testcase classname="day15.ParamTest" name="testURL" time="0.010"/>
  <system-out/>
</testsuite> <!-- day15.ParamTest -->
