<?xml version="1.0" encoding="UTF-8"?>
<!-- Generated by org.testng.reporters.JUnitReportReporter -->
<testsuite hostname="LAPTOP-3UEBVNHU" failures="0" tests="4" name="day12.OrangeHRMTest" time="22.442" errors="0" timestamp="2024-09-14T00:26:24 IST" skipped="0">
  <testcase classname="day12.OrangeHRMTest" name="openapp" time="10.536"/>
  <system-out/>
  <testcase classname="day12.OrangeHRMTest" name="testlogo" time="5.071"/>
  <system-out/>
  <testcase classname="day12.OrangeHRMTest" name="login" time="1.574"/>
  <system-out/>
  <testcase classname="day12.OrangeHRMTest" name="closeapp" time="5.261"/>
  <system-out/>
</testsuite> <!-- day12.OrangeHRMTest -->
