<?xml version="1.0" encoding="UTF-8"?>
<!-- Generated by org.testng.reporters.JUnitReportReporter -->
<testsuite hostname="LAPTOP-3UEBVNHU" failures="0" tests="1" name="day18.loginTest" time="1.792" errors="0" timestamp="2024-09-23T01:00:25 IST" skipped="0">
  <testcase classname="day18.loginTest" name="testLogin" time="1.792"/>
  <system-out/>
</testsuite> <!-- day18.loginTest -->
