<?xml version="1.0" encoding="UTF-8"?>
<!-- Generated by org.testng.reporters.JUnitReportReporter -->
<testsuite hostname="LAPTOP-3UEBVNHU" failures="0" tests="2" name="day13.AnnotationDemo2" time="0.013" errors="0" timestamp="2024-09-14T22:57:45 IST" skipped="0">
  <testcase classname="day13.AnnotationDemo2" name="search" time="0.009"/>
  <system-out/>
  <testcase classname="day13.AnnotationDemo2" name="advanceSearch" time="0.004"/>
  <system-out/>
</testsuite> <!-- day13.AnnotationDemo2 -->
