<?xml version="1.0" encoding="UTF-8"?>
<!-- Generated by org.testng.reporters.JUnitReportReporter -->
<testsuite hostname="LAPTOP-3UEBVNHU" failures="0" tests="2" name="day13.AnnotationsDemo" time="0.034" errors="0" timestamp="2024-09-14T22:42:25 IST" skipped="0">
  <testcase classname="day13.AnnotationsDemo" name="search" time="0.016"/>
  <system-out/>
  <testcase classname="day13.AnnotationsDemo" name="advanceSearch" time="0.018"/>
  <system-out/>
</testsuite> <!-- day13.AnnotationsDemo -->
